<?xml version="1.0" encoding="UTF-8"?>
<!-- Generated by org.testng.reporters.JUnitReportReporter -->
<testsuite hostname="LIN49002854A" failures="0" tests="1" name="org.project.Amazon_Project.uitests.RegisterUser" time="17.413" errors="0" timestamp="2023-12-05T18:48:05 IST" skipped="0">
  <testcase classname="org.project.Amazon_Project.uitests.RegisterUser" name="NewRegistration" time="17.413"/>
  <system-out/>
</testsuite> <!-- org.project.Amazon_Project.uitests.RegisterUser -->
