<?xml version="1.0" encoding="UTF-8"?>
<!-- Generated by org.testng.reporters.JUnitReportReporter -->
<testsuite hostname="LIN49002854A" failures="0" tests="1" name="org.project.Amazon_Project.uitests.SearchPhone" time="35.432" errors="0" timestamp="2023-12-05T17:15:29 IST" skipped="0">
  <testcase classname="org.project.Amazon_Project.uitests.SearchPhone" name="searchPhone" time="35.432"/>
  <system-out/>
</testsuite> <!-- org.project.Amazon_Project.uitests.SearchPhone -->
